2016-02-12 18:50:08 1824 [Note] Plugin 'FEDERATED' is disabled.
2016-02-12 18:50:08 1824 [Note] InnoDB: The InnoDB memory heap is disabled
2016-02-12 18:50:08 1824 [Note] InnoDB: Mutexes and rw_locks use Windows interlocked functions
2016-02-12 18:50:08 1824 [Note] InnoDB: Compressed tables use zlib 1.2.3
2016-02-12 18:50:08 1824 [Note] InnoDB: Not using CPU crc32 instructions
2016-02-12 18:50:08 1824 [Note] InnoDB: Initializing buffer pool, size = 128.0M
2016-02-12 18:50:08 1824 [Note] InnoDB: Completed initialization of buffer pool
2016-02-12 18:50:08 1824 [Note] InnoDB: Setting log file C:\Users\Mike\Desktop\development\mysql\data\ib_logfile101 size to 5 MB
2016-02-12 18:50:08 1824 [Note] InnoDB: Setting log file C:\Users\Mike\Desktop\development\mysql\data\ib_logfile1 size to 5 MB
2016-02-12 18:50:08 1824 [Note] InnoDB: Renaming log file C:\Users\Mike\Desktop\development\mysql\data\ib_logfile101 to C:\Users\Mike\Desktop\development\mysql\data\ib_logfile0
2016-02-12 18:50:08 1824 [Warning] InnoDB: New log files created, LSN=1626134
2016-02-12 18:50:08 1824 [Note] InnoDB: Highest supported file format is Barracuda.
2016-02-12 18:50:08 1824 [Note] InnoDB: 128 rollback segment(s) are active.
2016-02-12 18:50:08 1824 [Note] InnoDB: Waiting for purge to start
2016-02-12 18:50:08 1824 [Note] InnoDB: 5.6.13 started; log sequence number 1626636
2016-02-12 18:50:08 1824 [Warning] No existing UUID has been found, so we assume that this is the first time that this server has been started. Generating a new UUID: 0e46051a-d1b1-11e5-a4e3-8c89a5dc3486.
2016-02-12 18:50:08 1824 [Note] Server hostname (bind-address): '*'; port: 3307
2016-02-12 18:50:08 1824 [Note] IPv6 is available.
2016-02-12 18:50:08 1824 [Note]   - '::' resolves to '::';
2016-02-12 18:50:08 1824 [Note] Server socket created on IP: '::'.
